<?xml version="1.0" encoding="UTF-8"?>
<testsuite xmlns:xsi="http://www.w3.org/2001/XMLSchema-instance" xsi:noNamespaceSchemaLocation="https://maven.apache.org/surefire/maven-surefire-plugin/xsd/surefire-test-report-3.0.xsd" version="3.0" name="OrderTest" time="0.31" tests="30" errors="0" skipped="0" failures="0">
  <properties>
    <property name="java.specification.version" value="16"/>
    <property name="sun.cpu.isalist" value="amd64"/>
    <property name="sun.jnu.encoding" value="Cp1251"/>
    <property name="java.class.path" value="C:\Users\poddu\IdeaProjects\myHomeworksNetology\Java Core\Homeworks2programsTesting\Homework2.1codeTestingUnitTests\Homework2.1.1useJUnit\target\test-classes;C:\Users\poddu\IdeaProjects\myHomeworksNetology\Java Core\Homeworks2programsTesting\Homework2.1codeTestingUnitTests\Homework2.1.1useJUnit\target\classes;C:\Users\poddu\.m2\repository\org\junit\jupiter\junit-jupiter-engine\5.8.2\junit-jupiter-engine-5.8.2.jar;C:\Users\poddu\.m2\repository\org\junit\platform\junit-platform-engine\1.8.2\junit-platform-engine-1.8.2.jar;C:\Users\poddu\.m2\repository\org\opentest4j\opentest4j\1.2.0\opentest4j-1.2.0.jar;C:\Users\poddu\.m2\repository\org\junit\platform\junit-platform-commons\1.8.2\junit-platform-commons-1.8.2.jar;C:\Users\poddu\.m2\repository\org\junit\jupiter\junit-jupiter-api\5.8.2\junit-jupiter-api-5.8.2.jar;C:\Users\poddu\.m2\repository\org\apiguardian\apiguardian-api\1.1.2\apiguardian-api-1.1.2.jar;C:\Users\poddu\.m2\repository\org\junit\jupiter\junit-jupiter-params\5.8.2\junit-jupiter-params-5.8.2.jar;"/>
    <property name="java.vm.vendor" value="Amazon.com Inc."/>
    <property name="sun.arch.data.model" value="64"/>
    <property name="user.variant" value=""/>
    <property name="java.vendor.url" value="https://aws.amazon.com/corretto/"/>
    <property name="user.timezone" value="Europe/Moscow"/>
    <property name="os.name" value="Windows 10"/>
    <property name="java.vm.specification.version" value="16"/>
    <property name="sun.java.launcher" value="SUN_STANDARD"/>
    <property name="user.country" value="RU"/>
    <property name="sun.boot.library.path" value="C:\Users\poddu\.jdks\corretto-16.0.2\bin"/>
    <property name="sun.java.command" value="C:\Users\poddu\AppData\Local\Temp\surefire17963907518199297931\surefirebooter14102989520195526696.jar C:\Users\poddu\AppData\Local\Temp\surefire17963907518199297931 2022-03-13T17-52-11_470-jvmRun1 surefire17519097700076040611tmp surefire_013086310321901018423tmp"/>
    <property name="jdk.debug" value="release"/>
    <property name="surefire.test.class.path" value="C:\Users\poddu\IdeaProjects\myHomeworksNetology\Java Core\Homeworks2programsTesting\Homework2.1codeTestingUnitTests\Homework2.1.1useJUnit\target\test-classes;C:\Users\poddu\IdeaProjects\myHomeworksNetology\Java Core\Homeworks2programsTesting\Homework2.1codeTestingUnitTests\Homework2.1.1useJUnit\target\classes;C:\Users\poddu\.m2\repository\org\junit\jupiter\junit-jupiter-engine\5.8.2\junit-jupiter-engine-5.8.2.jar;C:\Users\poddu\.m2\repository\org\junit\platform\junit-platform-engine\1.8.2\junit-platform-engine-1.8.2.jar;C:\Users\poddu\.m2\repository\org\opentest4j\opentest4j\1.2.0\opentest4j-1.2.0.jar;C:\Users\poddu\.m2\repository\org\junit\platform\junit-platform-commons\1.8.2\junit-platform-commons-1.8.2.jar;C:\Users\poddu\.m2\repository\org\junit\jupiter\junit-jupiter-api\5.8.2\junit-jupiter-api-5.8.2.jar;C:\Users\poddu\.m2\repository\org\apiguardian\apiguardian-api\1.1.2\apiguardian-api-1.1.2.jar;C:\Users\poddu\.m2\repository\org\junit\jupiter\junit-jupiter-params\5.8.2\junit-jupiter-params-5.8.2.jar;"/>
    <property name="sun.cpu.endian" value="little"/>
    <property name="user.home" value="C:\Users\poddu"/>
    <property name="user.language" value="ru"/>
    <property name="java.specification.vendor" value="Oracle Corporation"/>
    <property name="java.version.date" value="2021-07-20"/>
    <property name="java.home" value="C:\Users\poddu\.jdks\corretto-16.0.2"/>
    <property name="file.separator" value="\"/>
    <property name="basedir" value="C:\Users\poddu\IdeaProjects\myHomeworksNetology\Java Core\Homeworks2programsTesting\Homework2.1codeTestingUnitTests\Homework2.1.1useJUnit"/>
    <property name="java.vm.compressedOopsMode" value="32-bit"/>
    <property name="line.separator" value="&#10;"/>
    <property name="java.vm.specification.vendor" value="Oracle Corporation"/>
    <property name="java.specification.name" value="Java Platform API Specification"/>
    <property name="surefire.real.class.path" value="C:\Users\poddu\AppData\Local\Temp\surefire17963907518199297931\surefirebooter14102989520195526696.jar"/>
    <property name="user.script" value=""/>
    <property name="sun.management.compiler" value="HotSpot 64-Bit Tiered Compilers"/>
    <property name="java.runtime.version" value="16.0.2+7"/>
    <property name="user.name" value="poddu"/>
    <property name="path.separator" value=";"/>
    <property name="os.version" value="10.0"/>
    <property name="java.runtime.name" value="OpenJDK Runtime Environment"/>
    <property name="file.encoding" value="Cp1251"/>
    <property name="java.vm.name" value="OpenJDK 64-Bit Server VM"/>
    <property name="java.vendor.version" value="Corretto-16.0.2.7.1"/>
    <property name="localRepository" value="C:\Users\poddu\.m2\repository"/>
    <property name="java.vendor.url.bug" value="https://github.com/corretto/corretto-jdk/issues/"/>
    <property name="java.io.tmpdir" value="C:\Users\poddu\AppData\Local\Temp\"/>
    <property name="java.version" value="16.0.2"/>
    <property name="user.dir" value="C:\Users\poddu\IdeaProjects\myHomeworksNetology\Java Core\Homeworks2programsTesting\Homework2.1codeTestingUnitTests\Homework2.1.1useJUnit"/>
    <property name="os.arch" value="amd64"/>
    <property name="java.vm.specification.name" value="Java Virtual Machine Specification"/>
    <property name="sun.os.patch.level" value=""/>
    <property name="java.library.path" value="C:\Users\poddu\.jdks\corretto-16.0.2\bin;C:\Windows\Sun\Java\bin;C:\Windows\system32;C:\Windows;C:\Windows\system32;C:\Windows;C:\Windows\System32\Wbem;C:\Windows\System32\WindowsPowerShell\v1.0\;C:\Windows\System32\OpenSSH\;C:\Program Files\Git\cmd;C:\Users\poddu\AppData\Local\Microsoft\WindowsApps;C:\Users\poddu\AppData\Local\Programs\Microsoft VS Code\bin;C:\Program Files\Maven\apache-maven-3.8.4\bin;C:\Users\poddu\.jdks\corretto-16.0.2\bin;."/>
    <property name="java.vm.info" value="mixed mode, sharing"/>
    <property name="java.vendor" value="Amazon.com Inc."/>
    <property name="java.vm.version" value="16.0.2+7"/>
    <property name="sun.io.unicode.encoding" value="UnicodeLittle"/>
    <property name="java.class.version" value="60.0"/>
  </properties>
  <testcase name="test_compareTo(Order, Order, boolean)[1]" classname="OrderTest" time="0.07">
    <system-out><![CDATA[Start tests
Start test
Test complete
]]></system-out>
  </testcase>
  <testcase name="test_compareTo(Order, Order, boolean)[2]" classname="OrderTest" time="0.002">
    <system-out><![CDATA[Start test
Test complete
]]></system-out>
  </testcase>
  <testcase name="test_compareTo(Order, Order, boolean)[3]" classname="OrderTest" time="0.003">
    <system-out><![CDATA[Start test
Test complete
]]></system-out>
  </testcase>
  <testcase name="test_compareTo(Order, Order, boolean)[4]" classname="OrderTest" time="0.004">
    <system-out><![CDATA[Start test
Test complete
]]></system-out>
  </testcase>
  <testcase name="tests_setDate_and_getPriority(Order, Date, int)[1]" classname="OrderTest" time="0.003">
    <system-out><![CDATA[Start test
Test complete
]]></system-out>
  </testcase>
  <testcase name="tests_setDate_and_getPriority(Order, Date, int)[2]" classname="OrderTest" time="0.002">
    <system-out><![CDATA[Start test
Test complete
]]></system-out>
  </testcase>
  <testcase name="tests_setDate_and_getPriority(Order, Date, int)[3]" classname="OrderTest" time="0.002">
    <system-out><![CDATA[Start test
Test complete
]]></system-out>
  </testcase>
  <testcase name="tests_setDate_and_getPriority(Order, Date, int)[4]" classname="OrderTest" time="0.003">
    <system-out><![CDATA[Start test
Test complete
]]></system-out>
  </testcase>
  <testcase name="test_getOrderNumber" classname="OrderTest" time="0.002">
    <system-out><![CDATA[Start test
Test complete
]]></system-out>
  </testcase>
  <testcase name="test_hashCode(Order, int)[1]" classname="OrderTest" time="0.002">
    <system-out><![CDATA[Start test
Test complete
]]></system-out>
  </testcase>
  <testcase name="test_hashCode(Order, int)[2]" classname="OrderTest" time="0.003">
    <system-out><![CDATA[Start test
Test complete
]]></system-out>
  </testcase>
  <testcase name="test_hashCode(Order, int)[3]" classname="OrderTest" time="0.002">
    <system-out><![CDATA[Start test
Test complete
]]></system-out>
  </testcase>
  <testcase name="test_hashCode(Order, int)[4]" classname="OrderTest" time="0.002">
    <system-out><![CDATA[Start test
Test complete
]]></system-out>
  </testcase>
  <testcase name="test_equals(Order, Order)[1]" classname="OrderTest" time="0.002">
    <system-out><![CDATA[Start test
Test complete
]]></system-out>
  </testcase>
  <testcase name="test_equals(Order, Order)[2]" classname="OrderTest" time="0.002">
    <system-out><![CDATA[Start test
Test complete
]]></system-out>
  </testcase>
  <testcase name="test_equals(Order, Order)[3]" classname="OrderTest" time="0.004">
    <system-out><![CDATA[Start test
Test complete
]]></system-out>
  </testcase>
  <testcase name="test_equals(Order, Order)[4]" classname="OrderTest" time="0.002">
    <system-out><![CDATA[Start test
Test complete
]]></system-out>
  </testcase>
  <testcase name="test_getManager" classname="OrderTest" time="0.001">
    <system-out><![CDATA[Start test
Test complete
]]></system-out>
  </testcase>
  <testcase name="test_getDateStr(Order, String)[1]" classname="OrderTest" time="0.002">
    <system-out><![CDATA[Start test
Test complete
]]></system-out>
  </testcase>
  <testcase name="test_getDateStr(Order, String)[2]" classname="OrderTest" time="0.002">
    <system-out><![CDATA[Start test
Test complete
]]></system-out>
  </testcase>
  <testcase name="test_getDateStr(Order, String)[3]" classname="OrderTest" time="0.002">
    <system-out><![CDATA[Start test
Test complete
]]></system-out>
  </testcase>
  <testcase name="test_getDateStr(Order, String)[4]" classname="OrderTest" time="0.002">
    <system-out><![CDATA[Start test
Test complete
]]></system-out>
  </testcase>
  <testcase name="test_getDateStr(Order, Date)[1]" classname="OrderTest" time="0.001">
    <system-out><![CDATA[Start test
Test complete
]]></system-out>
  </testcase>
  <testcase name="test_getDateStr(Order, Date)[2]" classname="OrderTest" time="0.002">
    <system-out><![CDATA[Start test
Test complete
]]></system-out>
  </testcase>
  <testcase name="test_getDateStr(Order, Date)[3]" classname="OrderTest" time="0.001">
    <system-out><![CDATA[Start test
Test complete
]]></system-out>
  </testcase>
  <testcase name="test_getDateStr(Order, Date)[4]" classname="OrderTest" time="0.001">
    <system-out><![CDATA[Start test
Test complete
]]></system-out>
  </testcase>
  <testcase name="test_toString(Order, String)[1]" classname="OrderTest" time="0.001">
    <system-out><![CDATA[Start test
Test complete
]]></system-out>
  </testcase>
  <testcase name="test_toString(Order, String)[2]" classname="OrderTest" time="0.002">
    <system-out><![CDATA[Start test
Test complete
]]></system-out>
  </testcase>
  <testcase name="test_toString(Order, String)[3]" classname="OrderTest" time="0.002">
    <system-out><![CDATA[Start test
Test complete
]]></system-out>
  </testcase>
  <testcase name="test_toString(Order, String)[4]" classname="OrderTest" time="0.002">
    <system-out><![CDATA[Start test
Test complete
]]></system-out>
  </testcase>
</testsuite>